#
# There is insufficient memory for the Java Runtime Environment to continue.
# Native memory allocation (malloc) failed to allocate 1048576 bytes for AllocateHeap
# Possible reasons:
#   The system is out of physical RAM or swap space
#   The process is running with CompressedOops enabled, and the Java Heap may be blocking the growth of the native heap
# Possible solutions:
#   Reduce memory load on the system
#   Increase physical memory or swap space
#   Check if swap backing store is full
#   Decrease Java heap size (-Xmx/-Xms)
#   Decrease number of Java threads
#   Decrease Java thread stack sizes (-Xss)
#   Set larger code cache with -XX:ReservedCodeCacheSize=
#   JVM is running with Zero Based Compressed Oops mode in which the Java heap is
#     placed in the first 32GB address space. The Java Heap base address is the
#     maximum limit for the native heap growth. Please use -XX:HeapBaseMinAddress
#     to set the Java Heap base and to place the Java Heap above 32GB virtual address.
# This output file may be truncated or incomplete.
#
#  Out of Memory Error (memory/allocation.inline.hpp:61), pid=24764, tid=0x000000000000914c
#
# JRE version:  (8.0_241-b07) (build )
# Java VM: Java HotSpot(TM) 64-Bit Server VM (25.241-b07 mixed mode windows-amd64 compressed oops)
# Failed to write core dump. Minidumps are not enabled by default on client versions of Windows
#

---------------  T H R E A D  ---------------

Current thread (0x000000000308e800):  JavaThread "Unknown thread" [_thread_in_vm, id=37196, stack(0x0000000002f50000,0x0000000003050000)]

Stack: [0x0000000002f50000,0x0000000003050000]
[error occurred during error reporting (printing stack bounds), id 0xc0000005]

Native frames: (J=compiled Java code, j=interpreted, Vv=VM code, C=native code)


---------------  P R O C E S S  ---------------

Java Threads: ( => current thread )

Other Threads:

=>0x000000000308e800 (exited) JavaThread "Unknown thread" [_thread_in_vm, id=37196, stack(0x0000000002f50000,0x0000000003050000)]

VM state:not at safepoint (normal execution)

VM Mutex/Monitor currently owned by a thread: None

heap address: 0x00000006c2400000, size: 4060 MB, Compressed Oops mode: Zero based, Oop shift amount: 3
Narrow klass base: 0x0000000000000000, Narrow klass shift: 3
Compressed class space size: 1073741824 Address: 0x00000007c0000000

Heap:
 PSYoungGen      total 75776K, used 1300K [0x000000076b700000, 0x0000000770b80000, 0x00000007c0000000)
  eden space 65024K, 2% used [0x000000076b700000,0x000000076b8451f8,0x000000076f680000)
  from space 10752K, 0% used [0x0000000770100000,0x0000000770100000,0x0000000770b80000)
  to   space 10752K, 0% used [0x000000076f680000,0x000000076f680000,0x0000000770100000)
 ParOldGen       total 173568K, used 0K [0x00000006c2400000, 0x00000006ccd80000, 0x000000076b700000)
  object space 173568K, 0% used [0x00000006c2400000,0x00000006c2400000,0x00000006ccd80000)
 Metaspace       used 754K, capacity 1092K, committed 1152K, reserved 1060864K
  class space    used 76K, capacity 384K, committed 384K, reserved 1048576K

Card table byte_map: [0x0000000012550000,0x0000000012d40000] byte_map_base: 0x000000000ef3e000

Marking Bits: (ParMarkBitMap*) 0x00000000518abe30
 Begin Bits: [0x0000000013a90000, 0x0000000017a00000)
 End Bits:   [0x0000000017a00000, 0x000000001b970000)

Polling page: 0x0000000001260000

CodeCache: size=245760Kb used=328Kb max_used=328Kb free=245431Kb
 bounds [0x0000000003190000, 0x0000000003400000, 0x0000000012190000]
 total_blobs=58 nmethods=0 adapters=38
 compilation: enabled

Compilation events (0 events):
No events

GC Heap History (0 events):
No events

Deoptimization events (0 events):
No events

Classes redefined (0 events):
No events

Internal exceptions (0 events):
No events

Events (10 events):
Event: 0.026 loading class java/lang/Short
Event: 0.026 loading class java/lang/Short done
Event: 0.026 loading class java/lang/Integer
Event: 0.026 loading class java/lang/Integer done
Event: 0.026 loading class java/lang/Long
Event: 0.026 loading class java/lang/Long done
Event: 0.027 loading class java/lang/NullPointerException
Event: 0.027 loading class java/lang/NullPointerException done
Event: 0.027 loading class java/lang/ArithmeticException
Event: 0.027 loading class java/lang/ArithmeticException done


Dynamic libraries:
0x00007ff6d7870000 - 0x00007ff6d78a7000 	C:\Program Files\Java\jre1.8.0_241\bin\javaw.exe
0x00007ffc1bd40000 - 0x00007ffc1bf30000 	C:\WINDOWS\SYSTEM32\ntdll.dll
0x00007ffc19e40000 - 0x00007ffc19ef2000 	C:\WINDOWS\System32\KERNEL32.DLL
0x00007ffc19010000 - 0x00007ffc192b3000 	C:\WINDOWS\System32\KERNELBASE.dll
0x00007ffc1a800000 - 0x00007ffc1a8a3000 	C:\WINDOWS\System32\ADVAPI32.dll
0x00007ffc1afa0000 - 0x00007ffc1b03e000 	C:\WINDOWS\System32\msvcrt.dll
0x00007ffc1b820000 - 0x00007ffc1b8b7000 	C:\WINDOWS\System32\sechost.dll
0x00007ffc19f00000 - 0x00007ffc1a020000 	C:\WINDOWS\System32\RPCRT4.dll
0x00007ffc1a0a0000 - 0x00007ffc1a234000 	C:\WINDOWS\System32\USER32.dll
0x00007ffc19cc0000 - 0x00007ffc19ce1000 	C:\WINDOWS\System32\win32u.dll
0x00007ffc19e10000 - 0x00007ffc19e36000 	C:\WINDOWS\System32\GDI32.dll
0x00007ffc193a0000 - 0x00007ffc19534000 	C:\WINDOWS\System32\gdi32full.dll
0x00007ffc18cd0000 - 0x00007ffc18d6e000 	C:\WINDOWS\System32\msvcp_win.dll
0x00007ffc19cf0000 - 0x00007ffc19dea000 	C:\WINDOWS\System32\ucrtbase.dll
0x00007ffbf5990000 - 0x00007ffbf5c15000 	C:\WINDOWS\WinSxS\amd64_microsoft.windows.common-controls_6595b64144ccf1df_6.0.18362.657_none_e6c5b579130e3898\COMCTL32.dll
0x00007ffc1a240000 - 0x00007ffc1a576000 	C:\WINDOWS\System32\combase.dll
0x00007ffc192c0000 - 0x00007ffc19340000 	C:\WINDOWS\System32\bcryptPrimitives.dll
0x00007ffc1aa30000 - 0x00007ffc1aa5e000 	C:\WINDOWS\System32\IMM32.DLL
0x0000000050fa0000 - 0x0000000051072000 	C:\Program Files\Java\jre1.8.0_241\bin\msvcr100.dll
0x0000000051080000 - 0x000000005192c000 	C:\Program Files\Java\jre1.8.0_241\bin\server\jvm.dll
0x00007ffc1b120000 - 0x00007ffc1b128000 	C:\WINDOWS\System32\PSAPI.DLL
0x00007ffbeceb0000 - 0x00007ffbeceb9000 	C:\WINDOWS\SYSTEM32\WSOCK32.dll
0x00007ffc0d330000 - 0x00007ffc0d354000 	C:\WINDOWS\SYSTEM32\WINMM.dll
0x00007ffc1baa0000 - 0x00007ffc1bb0f000 	C:\WINDOWS\System32\WS2_32.dll
0x00007ffc12b00000 - 0x00007ffc12b0a000 	C:\WINDOWS\SYSTEM32\VERSION.dll
0x00007ffc0d300000 - 0x00007ffc0d32d000 	C:\WINDOWS\SYSTEM32\winmmbase.dll
0x00007ffc18ef0000 - 0x00007ffc18f3a000 	C:\WINDOWS\System32\cfgmgr32.dll
0x00007ffc177a0000 - 0x00007ffc177af000 	C:\Program Files\Java\jre1.8.0_241\bin\verify.dll
0x00007ffc13690000 - 0x00007ffc136b9000 	C:\Program Files\Java\jre1.8.0_241\bin\java.dll
0x00007ffc13640000 - 0x00007ffc13656000 	C:\Program Files\Java\jre1.8.0_241\bin\zip.dll

VM Arguments:
jvm_args: -Dfile.encoding=UTF-8 
java_command: com.capgemini.librarymanagementsystemjdbc.controller.TestProject
java_class_path (initial): C:\Users\srika\projects\librarymanagementsystemjdbc\target\classes;C:\Users\srika\.m2\repository\mysql\mysql-connector-java\5.1.38\mysql-connector-java-5.1.38.jar
Launcher Type: SUN_STANDARD

Environment Variables:
PATH=C:/Program Files/Java/jre1.8.0_241/bin/server;C:/Program Files/Java/jre1.8.0_241/bin;C:/Program Files/Java/jre1.8.0_241/lib/amd64;C:\ProgramData\DockerDesktop\version-bin;C:\Program Files\Docker\Docker\Resources\bin;C:\Program Files (x86)\Intel\Intel(R) Management Engine Components\iCLS\;C:\Program Files\Intel\Intel(R) Management Engine Components\iCLS\;C:\Windows\system32;C:\Windows;C:\Windows\System32\Wbem;C:\Windows\System32\WindowsPowerShell\v1.0\;C:\Windows\System32\OpenSSH\;C:\Program Files (x86)\Intel\Intel(R) Management Engine Components\DAL;C:\Program Files\Intel\Intel(R) Management Engine Components\DAL;C:\Program Files (x86)\Intel\Intel(R) Management Engine Components\IPT;C:\Program Files\Intel\Intel(R) Management Engine Components\IPT;C:\Program Files\Intel\WiFi\bin\;C:\Program Files\Common Files\Intel\WirelessCommon\;C:\Program Files (x86)\NVIDIA Corporation\PhysX\Common;C:\Program Files\NVIDIA Corporation\NVIDIA NvDLISR;C:\Program Files\Calibre2\;C:\Program Files\Git\cmd;C:\Go\bin;C:\WINDOWS\system32;C:\WINDOWS;C:\WINDOWS\System32\Wbem;C:\WINDOWS\System32\WindowsPowerShell\v1.0\;C:\WINDOWS\System32\OpenSSH\;C:\Program Files (x86)\Plantronics\Spokes3G\;C:\Program Files\Java\jdk1.8.0_241\bin;C:\Users\srika\AppData\Local\Microsoft\WindowsApps;C:\Users\srika\AppData\Local\GitHubDesktop\bin;C:\Users\srika\go\bin;C:\Users\srika\AppData\Local\Microsoft\WindowsApps;;C:\Users\srika\AppData\Local\Programs\Microsoft VS Code\bin;C:\Users\srika\OneDrive\Desktop;
USERNAME=srika
OS=Windows_NT
PROCESSOR_IDENTIFIER=Intel64 Family 6 Model 158 Stepping 10, GenuineIntel



---------------  S Y S T E M  ---------------

OS: Windows 10.0 , 64 bit Build 18362 (10.0.18362.329)

CPU:total 8 (initial active 8) (4 cores per cpu, 2 threads per core) family 6 model 158 stepping 10, cmov, cx8, fxsr, mmx, sse, sse2, sse3, ssse3, sse4.1, sse4.2, popcnt, avx, avx2, aes, clmul, erms, 3dnowpref, lzcnt, ht, tsc, tscinvbit, bmi1, bmi2, adx

Memory: 4k page, physical 16629188k(7168584k free), swap 32120556k(5840k free)

vm_info: Java HotSpot(TM) 64-Bit Server VM (25.241-b07) for windows-amd64 JRE (1.8.0_241-b07), built on Dec 11 2019 10:21:40 by "rejava" with MS VC++ 10.0 (VS2010)

time: Wed Mar 11 14:59:57 2020
timezone: India Standard Time
elapsed time: 0 seconds (0d 0h 0m 0s)

